<?xml version="1.0" encoding="UTF-8"?>
<!-- Generated by org.testng.reporters.JUnitReportReporter -->
<testsuite hostname="DESKTOP-CUO3FKB" failures="0" tests="3" name="test.SampleDemo4" time="0.017" errors="0" timestamp="2024-07-31T16:37:01 IST" skipped="0">
  <testcase classname="test.SampleDemo4" name="LoginApiHomeLoan" time="0.004"/>
  <system-out/>
  <testcase classname="test.SampleDemo4" name="WebloginHomeLoan" time="0.004"/>
  <system-out/>
  <testcase classname="test.SampleDemo4" name="MobileloginHomeLoan" time="0.009"/>
  <system-out/>
</testsuite> <!-- test.SampleDemo4 -->
