<?xml version="1.0" encoding="UTF-8"?>
<!-- Generated by org.testng.reporters.JUnitReportReporter -->
<testsuite hostname="DESKTOP-CUO3FKB" failures="0" tests="2" name="test.SampleDemo3" time="0.023" errors="0" timestamp="2024-07-31T16:37:01 IST" skipped="0">
  <testcase classname="test.SampleDemo3" name="WebloginCarLoan" time="0.009"/>
  <system-out/>
  <testcase classname="test.SampleDemo3" name="MobileloginCarLoan" time="0.014"/>
  <system-out/>
</testsuite> <!-- test.SampleDemo3 -->
