<?xml version="1.0" encoding="UTF-8"?>
<!-- Generated by org.testng.reporters.JUnitReportReporter -->
<testsuite hostname="DESKTOP-CUO3FKB" failures="0" tests="1" name="test.SampleDemo2" time="0.004" errors="0" timestamp="2024-07-31T16:37:01 IST" skipped="0">
  <testcase classname="test.SampleDemo2" name="Demo" time="0.004"/>
  <system-out/>
</testsuite> <!-- test.SampleDemo2 -->
